0 info it worked if it ends with ok
1 verbose cli [ 'C:\\Program Files\\nodejs\\node.exe',
1 verbose cli   'C:\\Program Files\\nodejs\\node_modules\\npm\\bin\\npm-cli.js',
1 verbose cli   'start' ]
2 info using npm@3.10.8
3 info using node@v7.0.0
4 verbose run-script [ 'prestart', 'start', 'poststart' ]
5 info lifecycle autonoda@1.0.0~prestart: autonoda@1.0.0
6 silly lifecycle autonoda@1.0.0~prestart: no script for prestart, continuing
7 info lifecycle autonoda@1.0.0~start: autonoda@1.0.0
8 verbose lifecycle autonoda@1.0.0~start: unsafe-perm in lifecycle true
9 verbose lifecycle autonoda@1.0.0~start: PATH: C:\Program Files\nodejs\node_modules\npm\bin\node-gyp-bin;c:\autonoda\node_modules\.bin;C:\ProgramData\Oracle\Java\javapath;C:\Program Files (x86)\AMD APP\bin\x86_64;C:\Program Files (x86)\AMD APP\bin\x86;C:\Program Files (x86)\NVIDIA Corporation\PhysX\Common;C:\WINDOWS\system32;C:\WINDOWS;C:\WINDOWS\System32\Wbem;C:\WINDOWS\System32\WindowsPowerShell\v1.0\;C:\Program Files (x86)\ATI Technologies\ATI.ACE\Core-Static;C:\PHP;C:\PHP\ext;C:\Program Files (x86)\Common Files\Acronis\SnapAPI\;C:\Program Files (x86)\AMD\ATI.ACE\Core-Static;C:\sed\php5;C:\Program Files\TortoiseGit\bin;C:\Program Files (x86)\Skype\Phone\;C:\Program Files\Git\cmd;C:\Program Files\nodejs\;C:\Users\user\AppData\Local\Programs\Python\Python35-32\Scripts\;C:\Users\user\AppData\Local\Programs\Python\Python35-32\;c:\Program Files\Java\jdk1.8.0_66\bin\;C:\Users\user\AppData\Local\atom\bin;C:\Users\user\AppData\Local\Microsoft\WindowsApps;C:\Users\user\AppData\Roaming\npm
10 verbose lifecycle autonoda@1.0.0~start: CWD: c:\autonoda
11 silly lifecycle autonoda@1.0.0~start: Args: [ '/d /s /c', 'nodemon -x node --harmony ./autonoda.js' ]
12 silly lifecycle autonoda@1.0.0~start: Returned: code: 1  signal: null
13 info lifecycle autonoda@1.0.0~start: Failed to exec start script
14 verbose stack Error: autonoda@1.0.0 start: `nodemon -x node --harmony ./autonoda.js`
14 verbose stack Exit status 1
14 verbose stack     at EventEmitter.<anonymous> (C:\Program Files\nodejs\node_modules\npm\lib\utils\lifecycle.js:255:16)
14 verbose stack     at emitTwo (events.js:106:13)
14 verbose stack     at EventEmitter.emit (events.js:191:7)
14 verbose stack     at ChildProcess.<anonymous> (C:\Program Files\nodejs\node_modules\npm\lib\utils\spawn.js:40:14)
14 verbose stack     at emitTwo (events.js:106:13)
14 verbose stack     at ChildProcess.emit (events.js:191:7)
14 verbose stack     at maybeClose (internal/child_process.js:877:16)
14 verbose stack     at Process.ChildProcess._handle.onexit (internal/child_process.js:226:5)
15 verbose pkgid autonoda@1.0.0
16 verbose cwd c:\autonoda
17 error Windows_NT 10.0.14393
18 error argv "C:\\Program Files\\nodejs\\node.exe" "C:\\Program Files\\nodejs\\node_modules\\npm\\bin\\npm-cli.js" "start"
19 error node v7.0.0
20 error npm  v3.10.8
21 error code ELIFECYCLE
22 error autonoda@1.0.0 start: `nodemon -x node --harmony ./autonoda.js`
22 error Exit status 1
23 error Failed at the autonoda@1.0.0 start script 'nodemon -x node --harmony ./autonoda.js'.
23 error Make sure you have the latest version of node.js and npm installed.
23 error If you do, this is most likely a problem with the autonoda package,
23 error not with npm itself.
23 error Tell the author that this fails on your system:
23 error     nodemon -x node --harmony ./autonoda.js
23 error You can get information on how to open an issue for this project with:
23 error     npm bugs autonoda
23 error Or if that isn't available, you can get their info via:
23 error     npm owner ls autonoda
23 error There is likely additional logging output above.
24 verbose exit [ 1, true ]
